<?xml version="1.0" encoding="UTF-8"?>
<!-- Generated by org.testng.reporters.JUnitXMLReporter -->
<testsuite ignored="0" hostname="LMCLT003" failures="0" tests="13" name="Test" time="0.321" errors="0" timestamp="19 Jul 2019 05:46:55 GMT">
  <testcase classname="letmecalltest.LocationPageTest" name="@BeforeTest setUp" time="0.046">
    <failure type="java.io.FileNotFoundException" message="C:\eclipse\letmecall_1\src\main\java\configure\configure_property (The system cannot find the path specified)">
      <![CDATA[java.io.FileNotFoundException: C:\eclipse\letmecall_1\src\main\java\configure\configure_property (The system cannot find the path specified)
	at java.base/java.io.FileInputStream.open0(Native Method)
	at java.base/java.io.FileInputStream.open(FileInputStream.java:220)
	at java.base/java.io.FileInputStream.<init>(FileInputStream.java:158)
	at java.base/java.io.FileInputStream.<init>(FileInputStream.java:113)
	at test_Base.TestBase.initialization(TestBase.java:31)
	at letmecalltest.LocationPageTest.setUp(LocationPageTest.java:21)
... Removed 23 stack frames]]>
    </failure>
  </testcase> <!-- @BeforeTest setUp -->
  <testcase classname="letmecalltest.LoginPageTest" name="@BeforeTest initilize" time="0.0">
    <skipped/>
  </testcase> <!-- @BeforeTest initilize -->
  <testcase classname="letmecalltest.MyOrderPageTest" name="@BeforeTest setup" time="0.0">
    <skipped/>
  </testcase> <!-- @BeforeTest setup -->
  <testcase classname="letmecalltest.ProfilePageTest" name="@BeforeTest setup" time="0.0">
    <skipped/>
  </testcase> <!-- @BeforeTest setup -->
  <testcase classname="letmecalltest.RegisterPageTest" name="@BeforeTest initializationTest" time="0.0">
    <skipped/>
  </testcase> <!-- @BeforeTest initializationTest -->
  <testcase classname="letmecalltest.AbhirestaurantTest" name="@AfterTest teardown" time="0.0">
    <skipped/>
  </testcase> <!-- @AfterTest teardown -->
  <testcase classname="letmecalltest.LocationPageTest" name="@AfterTest driverClose" time="0.0">
    <skipped/>
  </testcase> <!-- @AfterTest driverClose -->
  <testcase classname="letmecalltest.LoginPageTest" name="@AfterTest tearDown" time="0.0">
    <skipped/>
  </testcase> <!-- @AfterTest tearDown -->
  <testcase classname="letmecalltest.MyOrderPageTest" name="@AfterTest teardown" time="0.0">
    <skipped/>
  </testcase> <!-- @AfterTest teardown -->
  <testcase classname="letmecalltest.ProfilePageTest" name="@AfterTest teardown" time="0.0">
    <skipped/>
  </testcase> <!-- @AfterTest teardown -->
  <testcase classname="letmecalltest.LoginPageTest" name="loginTest" time="0.001">
    <skipped/>
  </testcase> <!-- loginTest -->
  <testcase classname="letmecalltest.RegisterPageTest" name="registerAccount" time="0.0">
    <skipped/>
  </testcase> <!-- registerAccount -->
  <testcase classname="letmecalltest.RegisterPageTest" name="titleVerify" time="0.0">
    <skipped/>
  </testcase> <!-- titleVerify -->
  <testcase classname="letmecalltest.AbhirestaurantTest" name="abhiRestaurentJawarRoti" time="0.0">
    <skipped/>
  </testcase> <!-- abhiRestaurentJawarRoti -->
  <testcase classname="letmecalltest.AbhirestaurantTest" name="loginTest" time="0.0">
    <skipped/>
  </testcase> <!-- loginTest -->
  <testcase classname="letmecalltest.MyOrderPageTest" name="login" time="0.0">
    <skipped/>
  </testcase> <!-- login -->
  <testcase classname="letmecalltest.ProfilePageTest" name="myprofileTest" time="0.0">
    <skipped/>
  </testcase> <!-- myprofileTest -->
  <testcase classname="letmecalltest.LocationPageTest" name="loginPage" time="0.0">
    <skipped/>
  </testcase> <!-- loginPage -->
  <testcase classname="letmecalltest.MyOrderPageTest" name="deliverOrderItemTest" time="0.0">
    <skipped/>
  </testcase> <!-- deliverOrderItemTest -->
  <testcase classname="letmecalltest.ProfilePageTest" name="accntInformationTest" time="0.0">
    <skipped/>
  </testcase> <!-- accntInformationTest -->
  <testcase classname="letmecalltest.LocationPageTest" name="locationSearchTest" time="0.0">
    <skipped/>
  </testcase> <!-- locationSearchTest -->
  <testcase classname="letmecalltest.LocationPageTest" name="profile" time="0.0">
    <skipped/>
  </testcase> <!-- profile -->
  <testcase classname="letmecalltest.AbhirestaurantTest" name="addressDetails" time="0.0">
    <skipped/>
  </testcase> <!-- addressDetails -->
</testsuite> <!-- Test -->
